<?xml version="1.0" encoding="UTF-8"?>
<!-- Generated by org.testng.reporters.JUnitReportReporter -->
<testsuite skipped="0" hostname="DESKTOP-0C4S9DC" name="com.crm.qa.testcases.HomePageTest" tests="3" failures="0" timestamp="04 Jun 2018 18:18:34 GMT" time="91.445" errors="0">
  <testcase name="verifyHomePageTitleTest" time="30.111" classname="com.crm.qa.testcases.HomePageTest"/>
  <testcase name="verifyUserNameTest" time="31.190" classname="com.crm.qa.testcases.HomePageTest"/>
  <testcase name="clickContactsLinkTest" time="30.144" classname="com.crm.qa.testcases.HomePageTest"/>
</testsuite> <!-- com.crm.qa.testcases.HomePageTest -->
