<?xml version="1.0" encoding="UTF-8"?>
<!-- Generated by org.testng.reporters.JUnitReportReporter -->
<testsuite skipped="0" hostname="DESKTOP-0C4S9DC" name="com.crm.qa.testcases.LoginPageTest" tests="2" failures="0" timestamp="05 Jun 2018 17:56:07 GMT" time="36.830" errors="0">
  <testcase name="loginPageTitleTest" time="12.276" classname="com.crm.qa.testcases.LoginPageTest"/>
  <testcase name="loginTest" time="24.554" classname="com.crm.qa.testcases.LoginPageTest"/>
</testsuite> <!-- com.crm.qa.testcases.LoginPageTest -->
