<?xml version="1.0" encoding="UTF-8"?>
<!-- Generated by org.testng.reporters.JUnitReportReporter -->
<testsuite skipped="2" hostname="DESKTOP-0C4S9DC" name="com.crm.qa.testcases.ContactsPageTest" tests="5" failures="0" timestamp="09 Jun 2018 10:42:52 GMT" time="97.175" errors="0">
  <testcase name="validateCreateNewContact" time="31.648" classname="com.crm.qa.testcases.ContactsPageTest"/>
  <testcase name="validateCreateNewContact" time="31.110" classname="com.crm.qa.testcases.ContactsPageTest"/>
  <testcase name="validateCreateNewContact" time="34.417" classname="com.crm.qa.testcases.ContactsPageTest"/>
  <testcase name="selectContactTest" classname="com.crm.qa.testcases.ContactsPageTest">
    <skipped/>
  </testcase> <!-- selectContactTest -->
  <testcase name="verifyContactLabelTest" classname="com.crm.qa.testcases.ContactsPageTest">
    <skipped/>
  </testcase> <!-- verifyContactLabelTest -->
</testsuite> <!-- com.crm.qa.testcases.ContactsPageTest -->
