<?xml version="1.0" encoding="UTF-8"?>
<!-- Generated by org.testng.reporters.JUnitReportReporter -->
<testsuite skipped="0" hostname="DESKTOP-0C4S9DC" name="com.crm.qa.testcases.LoginPageTest" tests="2" failures="0" timestamp="09 Jun 2018 17:08:33 GMT" time="44.810" errors="0">
  <testcase name="loginPageTitleTest" time="13.910" classname="com.crm.qa.testcases.LoginPageTest"/>
  <testcase name="loginTest" time="30.900" classname="com.crm.qa.testcases.LoginPageTest"/>
</testsuite> <!-- com.crm.qa.testcases.LoginPageTest -->
