<?xml version="1.0" encoding="UTF-8"?>
<!-- Generated by org.testng.reporters.JUnitReportReporter -->
<testsuite skipped="1" hostname="DESKTOP-0C4S9DC" name="com.crm.qa.testcases.ContactsPageTest" tests="5" failures="0" timestamp="09 Jun 2018 17:08:33 GMT" time="162.754" errors="0">
  <testcase name="validateCreateNewContact" time="38.252" classname="com.crm.qa.testcases.ContactsPageTest"/>
  <testcase name="selectContactTest" time="31.798" classname="com.crm.qa.testcases.ContactsPageTest"/>
  <testcase name="validateCreateNewContact" time="60.519" classname="com.crm.qa.testcases.ContactsPageTest"/>
  <testcase name="validateCreateNewContact" time="32.185" classname="com.crm.qa.testcases.ContactsPageTest"/>
  <testcase name="verifyContactLabelTest" classname="com.crm.qa.testcases.ContactsPageTest">
    <skipped/>
  </testcase> <!-- verifyContactLabelTest -->
</testsuite> <!-- com.crm.qa.testcases.ContactsPageTest -->
